<?xml version="1.0" encoding="UTF-8"?>
<!-- Generated by org.testng.reporters.JUnitReportReporter -->
<testsuite hostname="Rosemol" failures="0" tests="1" name="Package1.orangehrm" time="11.512" errors="0" timestamp="2023-01-03T19:38:30 IST" skipped="0">
  <testcase classname="Package1.orangehrm" name="login" time="11.512"/>
  <system-out/>
</testsuite> <!-- Package1.orangehrm -->
