<?xml version="1.0" encoding="UTF-8"?>
<!-- Generated by org.testng.reporters.JUnitReportReporter -->
<testsuite hostname="LAPTOP-4K2DATK6" failures="0" tests="1" name="pack.App" time="14.204" errors="0" timestamp="2022-12-29T10:04:15 IST" skipped="0">
  <testcase classname="pack.App" name="login" time="14.204"/>
  <system-out/>
</testsuite> <!-- pack.App -->
