<?xml version="1.0" encoding="UTF-8"?>
<!-- Generated by org.testng.reporters.JUnitReportReporter -->
<testsuite hostname="DESKTOP-5E5APDF" failures="0" tests="1" name="orangehrm.orangehrm" time="30.257" errors="0" timestamp="2022-12-30T09:27:09 IST" skipped="0">
  <testcase classname="orangehrm.orangehrm" name="launchorangehrm" time="30.257"/>
  <system-out/>
</testsuite> <!-- orangehrm.orangehrm -->
