<?xml version="1.0" encoding="UTF-8"?>
<!-- Generated by org.testng.reporters.JUnitReportReporter -->
<testsuite hostname="DESKTOP-1HN7MT3" failures="0" tests="1" name="Orangehrm.orangehrm" time="84.286" errors="0" timestamp="2022-12-30T09:36:40 IST" skipped="0">
  <testcase classname="Orangehrm.orangehrm" name="launchorangehrm" time="84.286"/>
  <system-out/>
</testsuite> <!-- Orangehrm.orangehrm -->
